J:\VS2019E\MSBuild\Microsoft\VC\v160\Microsoft.CppBuild.targets(452,5): warning MSB8028: The intermediate directory (tmp\Release\) contains files shared from another project (NativeTrainer.vcxproj).  This can lead to incorrect clean and rebuild behavior.
  entity.cpp
D:\desktop\rdr2sdk\samples\NativeTrainer\gui.h(18,21): warning C4091: 'extern ': ignored on left of 'SubMenus' when no variable is declared
D:\desktop\rdr2sdk\samples\NativeTrainer\gui.h(22,2): warning C4091: 'typedef ': ignored on left of 'VECTOR2' when no variable is declared
D:\desktop\rdr2sdk\samples\NativeTrainer\gui.h(25,2): warning C4091: 'typedef ': ignored on left of 'VECTOR2_2' when no variable is declared
D:\desktop\rdr2sdk\samples\NativeTrainer\gui.h(28,2): warning C4091: 'typedef ': ignored on left of 'RGBAF' when no variable is declared
D:\desktop\rdr2sdk\samples\NativeTrainer\gui.h(31,2): warning C4091: 'typedef ': ignored on left of 'RGBA' when no variable is declared
  gui.cpp
D:\desktop\rdr2sdk\samples\NativeTrainer\gui.h(34,2): warning C4091: 'typedef ': ignored on left of 'RGB' when no variable is declared
D:\desktop\rdr2sdk\samples\NativeTrainer\gui.h(18,21): warning C4091: 'extern ': ignored on left of 'SubMenus' when no variable is declared
D:\desktop\rdr2sdk\samples\NativeTrainer\gui.h(22,2): warning C4091: 'typedef ': ignored on left of 'VECTOR2' when no variable is declared
D:\desktop\rdr2sdk\samples\NativeTrainer\gui.h(25,2): warning C4091: 'typedef ': ignored on left of 'VECTOR2_2' when no variable is declared
D:\desktop\rdr2sdk\samples\NativeTrainer\gui.h(28,2): warning C4091: 'typedef ': ignored on left of 'RGBAF' when no variable is declared
D:\desktop\rdr2sdk\samples\NativeTrainer\gui.h(31,2): warning C4091: 'typedef ': ignored on left of 'RGBA' when no variable is declared
D:\desktop\rdr2sdk\samples\NativeTrainer\gui.h(34,2): warning C4091: 'typedef ': ignored on left of 'RGB' when no variable is declared
D:\desktop\rdr2sdk\samples\NativeTrainer\gui.cpp(169,43): warning C4244: 'argument': conversion from 'int' to 'float', possible loss of data
D:\desktop\rdr2sdk\samples\NativeTrainer\gui.cpp(491,54): warning C4018: '>': signed/unsigned mismatch
D:\desktop\rdr2sdk\samples\NativeTrainer\gui.cpp(492,56): warning C4018: '>': signed/unsigned mismatch
  main.cpp
D:\desktop\rdr2sdk\samples\NativeTrainer\gui.cpp(493,57): warning C4018: '>': signed/unsigned mismatch
D:\desktop\rdr2sdk\samples\NativeTrainer\gui.h(18,21): warning C4091: 'extern ': ignored on left of 'SubMenus' when no variable is declared
D:\desktop\rdr2sdk\samples\NativeTrainer\gui.h(22,2): warning C4091: 'typedef ': ignored on left of 'VECTOR2' when no variable is declared
D:\desktop\rdr2sdk\samples\NativeTrainer\gui.h(25,2): warning C4091: 'typedef ': ignored on left of 'VECTOR2_2' when no variable is declared
D:\desktop\rdr2sdk\samples\NativeTrainer\gui.h(28,2): warning C4091: 'typedef ': ignored on left of 'RGBAF' when no variable is declared
D:\desktop\rdr2sdk\samples\NativeTrainer\gui.h(31,2): warning C4091: 'typedef ': ignored on left of 'RGBA' when no variable is declared
  script.cpp
D:\desktop\rdr2sdk\samples\NativeTrainer\gui.h(34,2): warning C4091: 'typedef ': ignored on left of 'RGB' when no variable is declared
D:\desktop\rdr2sdk\samples\NativeTrainer\gui.h(18,21): warning C4091: 'extern ': ignored on left of 'SubMenus' when no variable is declared
D:\desktop\rdr2sdk\samples\NativeTrainer\gui.h(22,2): warning C4091: 'typedef ': ignored on left of 'VECTOR2' when no variable is declared
D:\desktop\rdr2sdk\samples\NativeTrainer\gui.h(25,2): warning C4091: 'typedef ': ignored on left of 'VECTOR2_2' when no variable is declared
D:\desktop\rdr2sdk\samples\NativeTrainer\gui.h(28,2): warning C4091: 'typedef ': ignored on left of 'RGBAF' when no variable is declared
D:\desktop\rdr2sdk\samples\NativeTrainer\gui.h(31,2): warning C4091: 'typedef ': ignored on left of 'RGBA' when no variable is declared
D:\desktop\rdr2sdk\samples\NativeTrainer\gui.h(34,2): warning C4091: 'typedef ': ignored on left of 'RGB' when no variable is declared
D:\desktop\rdr2sdk\samples\NativeTrainer\script.cpp(25,44): warning C4551: function call missing argument list
D:\desktop\rdr2sdk\samples\NativeTrainer\script.cpp(61,48): warning C4244: 'argument': conversion from 'int' to 'float', possible loss of data
  Self.cpp
D:\desktop\rdr2sdk\samples\NativeTrainer\script.cpp(68,41): warning C4244: 'argument': conversion from 'int' to 'float', possible loss of data
D:\desktop\rdr2sdk\samples\NativeTrainer\gui.h(18,21): warning C4091: 'extern ': ignored on left of 'SubMenus' when no variable is declared
D:\desktop\rdr2sdk\samples\NativeTrainer\gui.h(22,2): warning C4091: 'typedef ': ignored on left of 'VECTOR2' when no variable is declared
D:\desktop\rdr2sdk\samples\NativeTrainer\gui.h(25,2): warning C4091: 'typedef ': ignored on left of 'VECTOR2_2' when no variable is declared
D:\desktop\rdr2sdk\samples\NativeTrainer\gui.h(28,2): warning C4091: 'typedef ': ignored on left of 'RGBAF' when no variable is declared
D:\desktop\rdr2sdk\samples\NativeTrainer\gui.h(31,2): warning C4091: 'typedef ': ignored on left of 'RGBA' when no variable is declared
D:\desktop\rdr2sdk\samples\NativeTrainer\gui.h(34,2): warning C4091: 'typedef ': ignored on left of 'RGB' when no variable is declared
  Generating code
  55 of 121 functions (45.5%) were compiled, the rest were copied from previous compilation.
    46 functions were new in current compilation
    3 functions had inline decision re-evaluated but remain unchanged
  Finished generating code
  NativeTrainer.vcxproj -> D:\desktop\rdr2sdk\samples\NativeTrainer\bin\Release\Avi's.asi
